<?xml version="1.0" encoding="UTF-8"?>
<!-- Generated by org.testng.reporters.JUnitXMLReporter -->
<testsuite hostname="LAPTOP-KGL5HQ6S" ignored="1" name="Test package" tests="2" failures="0" timestamp="2020-05-28T21:00:05 EDT" time="20.37" errors="0">
  <testcase name="emptyUsernameLogin" time="0.557" classname="com.test.LoginTest"/>
  <testcase name="validAdminLogin" time="4.45" classname="com.test.LoginTest"/>
  <testcase name="invalidPasswordLogin" time="0.0" classname="com.test.LoginTest">
    <ignored/>
  </testcase> <!-- invalidPasswordLogin -->
</testsuite> <!-- Test package -->
