<?xml version="1.0" encoding="UTF-8"?>
<!-- Generated by org.testng.reporters.JUnitXMLReporter -->
<testsuite hostname="LAPTOP-KGL5HQ6S" ignored="1" name="Test package" tests="3" failures="0" timestamp="2020-06-02T23:47:25 EDT" time="44.753" errors="0">
  <testcase name="addEmployeePage" time="10.182" classname="com.test.AddEmployeeTest"/>
  <testcase name="invalidPasswordLogin" time="1.821" classname="com.test.LoginTest"/>
  <testcase name="validAdminLogin" time="5.952" classname="com.test.LoginTest"/>
  <testcase name="emptyUsernameLogin" time="0.0" classname="com.test.LoginTest">
    <ignored/>
  </testcase> <!-- emptyUsernameLogin -->
</testsuite> <!-- Test package -->
