<?xml version="1.0" encoding="UTF-8"?>
<!-- Generated by org.testng.reporters.JUnitXMLReporter -->
<testsuite hostname="LAPTOP-KGL5HQ6S" ignored="0" name="Listener Test" tests="2" failures="1" timestamp="2020-05-30T00:26:38 EDT" time="0.074" errors="0">
  <testcase name="test1" time="0.022" classname="com.class04.ListenerDemo"/>
  <testcase name="test2" time="0.003" classname="com.class04.ListenerDemo">
    <failure type="java.lang.AssertionError" message="expected [true] but found [false]">
      <![CDATA[java.lang.AssertionError: expected [true] but found [false]
at com.class04.ListenerDemo.test2(ListenerDemo.java:16)
at java.util.ArrayList.forEach(Unknown Source)
... Removed 31 stack frames]]>
    </failure>
  </testcase> <!-- test2 -->
</testsuite> <!-- Listener Test -->
