<?xml version="1.0" encoding="UTF-8"?>
<testng-results skipped="0" failed="0" ignored="1" total="4" passed="3">
  <reporter-output>
  </reporter-output>
  <suite name="Regression Suite" duration-ms="44753" started-at="2020-06-02T23:46:41 EDT" finished-at="2020-06-02T23:47:25 EDT">
    <groups>
    </groups>
    <test name="Test package" duration-ms="44753" started-at="2020-06-02T23:46:41 EDT" finished-at="2020-06-02T23:47:25 EDT">
      <class name="com.test.AddEmployeeTest">
        <test-method status="PASS" signature="setUp()[pri:0, instance:com.test.AddEmployeeTest@56aac163]" name="setUp" is-config="true" duration-ms="9001" started-at="2020-06-02T23:46:41 EDT" finished-at="2020-06-02T23:46:50 EDT">
          <reporter-output>
          </reporter-output>
        </test-method> <!-- setUp -->
        <test-method status="PASS" signature="addEmployeePage()[pri:0, instance:com.test.AddEmployeeTest@56aac163]" name="addEmployeePage" duration-ms="10182" started-at="2020-06-02T23:46:50 EDT" finished-at="2020-06-02T23:47:00 EDT">
          <reporter-output>
          </reporter-output>
        </test-method> <!-- addEmployeePage -->
        <test-method status="PASS" signature="tearDown()[pri:0, instance:com.test.AddEmployeeTest@56aac163]" name="tearDown" is-config="true" duration-ms="661" started-at="2020-06-02T23:47:00 EDT" finished-at="2020-06-02T23:47:00 EDT">
          <reporter-output>
          </reporter-output>
        </test-method> <!-- tearDown -->
      </class> <!-- com.test.AddEmployeeTest -->
      <class name="com.test.LoginTest">
        <test-method status="PASS" signature="setUp()[pri:0, instance:com.test.LoginTest@1f7030a6]" name="setUp" is-config="true" duration-ms="7239" started-at="2020-06-02T23:47:00 EDT" finished-at="2020-06-02T23:47:08 EDT">
          <reporter-output>
          </reporter-output>
        </test-method> <!-- setUp -->
        <test-method status="PASS" signature="invalidPasswordLogin()[pri:0, instance:com.test.LoginTest@1f7030a6]" name="invalidPasswordLogin" duration-ms="1821" started-at="2020-06-02T23:47:08 EDT" finished-at="2020-06-02T23:47:09 EDT">
          <reporter-output>
          </reporter-output>
        </test-method> <!-- invalidPasswordLogin -->
        <test-method status="PASS" signature="tearDown()[pri:0, instance:com.test.LoginTest@1f7030a6]" name="tearDown" is-config="true" duration-ms="659" started-at="2020-06-02T23:47:09 EDT" finished-at="2020-06-02T23:47:10 EDT">
          <reporter-output>
          </reporter-output>
        </test-method> <!-- tearDown -->
        <test-method status="PASS" signature="setUp()[pri:0, instance:com.test.LoginTest@1f7030a6]" name="setUp" is-config="true" duration-ms="8512" started-at="2020-06-02T23:47:10 EDT" finished-at="2020-06-02T23:47:19 EDT">
          <reporter-output>
          </reporter-output>
        </test-method> <!-- setUp -->
        <test-method status="PASS" signature="validAdminLogin()[pri:0, instance:com.test.LoginTest@1f7030a6]" name="validAdminLogin" duration-ms="5952" started-at="2020-06-02T23:47:19 EDT" finished-at="2020-06-02T23:47:25 EDT">
          <reporter-output>
          </reporter-output>
        </test-method> <!-- validAdminLogin -->
        <test-method status="PASS" signature="tearDown()[pri:0, instance:com.test.LoginTest@1f7030a6]" name="tearDown" is-config="true" duration-ms="661" started-at="2020-06-02T23:47:25 EDT" finished-at="2020-06-02T23:47:25 EDT">
          <reporter-output>
          </reporter-output>
        </test-method> <!-- tearDown -->
      </class> <!-- com.test.LoginTest -->
    </test> <!-- Test package -->
  </suite> <!-- Regression Suite -->
</testng-results>
